

Version:	3.50
CmdLine:	C:\Users\alumno\Desktop\SimpleJarToExe\SimpleJarToExeTest.exe --l4j-debug
JNI:		No
WOW64:		Yes
Working dir:	C:\Users\alumno\Desktop\SimpleJarToExe\.
Requires JDK:	No
Requires 64-Bit: No
Java min ver:	
Java max ver:	
JRE paths:	C:\Program Files\Java\jre-1.8\bin
Check launcher:	C:\Program Files\Java\jre-1.8\bin\javaw.exe (OK)
Version string: 1.008.000_371 / 64-Bit (OK)
Launcher:	C:\Program Files\Java\jre-1.8\bin\javaw.exe
Launcher args:	-jar "C:\Users\alumno\Desktop\SimpleJarToExe\SimpleJarToExeTest.exe"
Args length:	68/32768 chars
Exit code:	0


Version:	3.50
CmdLine:	C:\Users\alumno\Desktop\SimpleJarToExe\SimpleJarToExeTest.exe --l4j-debug
JNI:		No
WOW64:		Yes
Working dir:	C:\Users\alumno\Desktop\SimpleJarToExe\.
Requires JDK:	No
Requires 64-Bit: No
Java min ver:	
Java max ver:	
JRE paths:	C:\Program Files\Java\jre-1.8\bin
Check launcher:	C:\Program Files\Java\jre-1.8\bin\javaw.exe (OK)
Version string: 1.008.000_371 / 64-Bit (OK)
Launcher:	C:\Program Files\Java\jre-1.8\bin\javaw.exe
Launcher args:	-jar "C:\Users\alumno\Desktop\SimpleJarToExe\SimpleJarToExeTest.exe"
Args length:	68/32768 chars
Exit code:	0


Version:	3.50
CmdLine:	C:\Users\alumno\Desktop\SimpleJarToExe\SimpleJarToExeTest.exe --l4j-debug
JNI:		No
WOW64:		Yes
Working dir:	C:\Users\alumno\Desktop\SimpleJarToExe\.
Requires JDK:	No
Requires 64-Bit: No
Java min ver:	
Java max ver:	
JRE paths:	C:\Program Files\Java\jre-1.8\bin
Check launcher:	C:\Program Files\Java\jre-1.8\bin\javaw.exe (OK)
Version string: 1.008.000_371 / 64-Bit (OK)
Main class:	simplejartoexe.simplejartoexetest.Main
Info:		Classpath not defined.
Launcher:	C:\Program Files\Java\jre-1.8\bin\javaw.exe
Launcher args:	-classpath "C:\Users\alumno\Desktop\SimpleJarToExe\SimpleJarToExeTest.exe" simplejartoexe.simplejartoexetest.Main
Args length:	113/32768 chars
Exit code:	0


Version:	3.50
CmdLine:	C:\Users\alumno\Desktop\SimpleJarToExe\SimpleJarToExeTest.exe --l4j-debug
JNI:		No
WOW64:		Yes
Working dir:	C:\Users\alumno\Desktop\SimpleJarToExe\.
Requires JDK:	No
Requires 64-Bit: No
Java min ver:	
Java max ver:	
JRE paths:	C:\Program Files\Java\jre-1.8\bin
Check launcher:	C:\Program Files\Java\jre-1.8\bin\javaw.exe (OK)
Version string: 1.008.000_371 / 64-Bit (OK)
Main class:	simplejartoexe.simplejartoexetest.Main
Info:		Classpath not defined.
Launcher:	C:\Program Files\Java\jre-1.8\bin\javaw.exe
Launcher args:	-classpath "C:\Users\alumno\Desktop\SimpleJarToExe\SimpleJarToExeTest.exe" simplejartoexe.simplejartoexetest.Main
Args length:	113/32768 chars
Exit code:	0


Version:	3.50
CmdLine:	C:\Users\alumno\Desktop\SimpleJarToExe\SimpleJarToExeTest.exe --l4j-debug
JNI:		No
WOW64:		Yes
Working dir:	C:\Users\alumno\Desktop\SimpleJarToExe\.
Requires JDK:	No
Requires 64-Bit: No
Java min ver:	
Java max ver:	
JRE paths:	C:\Program Files\Java\jre-1.8\bin
Check launcher:	C:\Program Files\Java\jre-1.8\bin\javaw.exe (OK)
Version string: 1.008.000_371 / 64-Bit (OK)
Main class:	simplejartoexe.simplejartoexetest.Main
Info:		Classpath not defined.
Launcher:	C:\Program Files\Java\jre-1.8\bin\javaw.exe
Launcher args:	-classpath "C:\Users\alumno\Desktop\SimpleJarToExe\SimpleJarToExeTest.exe" simplejartoexe.simplejartoexetest.Main
Args length:	113/32768 chars
Exit code:	0


Version:	3.50
CmdLine:	C:\Users\alumno\Desktop\SimpleJarToExe\SimpleJarToExeTest.exe --l4j-debug
JNI:		No
WOW64:		Yes
Working dir:	C:\Users\alumno\Desktop\SimpleJarToExe\.
Requires JDK:	No
Requires 64-Bit: No
Java min ver:	
Java max ver:	
JRE paths:	C:\Program Files\Java\jre-1.8\bin
Check launcher:	C:\Program Files\Java\jre-1.8\bin\javaw.exe (OK)
Version string: 1.008.000_371 / 64-Bit (OK)
Main class:	simplejartoexe.simplejartoexetest.Main
Info:		Classpath not defined.
Launcher:	C:\Program Files\Java\jre-1.8\bin\javaw.exe
Launcher args:	-classpath "C:\Users\alumno\Desktop\SimpleJarToExe\SimpleJarToExeTest.exe" simplejartoexe.simplejartoexetest.Main
Args length:	113/32768 chars
Exit code:	0


Version:	3.50
CmdLine:	C:\Users\alumno\Desktop\SimpleJarToExe\SimpleJarToExeTest.exe --l4j-debug
JNI:		No
WOW64:		Yes
Working dir:	C:\Users\alumno\Desktop\SimpleJarToExe\.
Requires JDK:	No
Requires 64-Bit: No
Java min ver:	
Java max ver:	
JRE paths:	C:\Program Files\Java\jre-1.8\bin
Check launcher:	C:\Program Files\Java\jre-1.8\bin\javaw.exe (OK)
Version string: 1.008.000_371 / 64-Bit (OK)
Main class:	simplejartoexe.simplejartoexetest.Main
Info:		Classpath not defined.
Launcher:	C:\Program Files\Java\jre-1.8\bin\javaw.exe
Launcher args:	-classpath "C:\Users\alumno\Desktop\SimpleJarToExe\SimpleJarToExeTest.exe" simplejartoexe.simplejartoexetest.Main
Args length:	113/32768 chars
Exit code:	0


Version:	3.50
CmdLine:	C:\Users\alumno\Desktop\SimpleJarToExe\SimpleJarToExeTest.exe --l4j-debug
JNI:		No
WOW64:		Yes
Working dir:	C:\Users\alumno\Desktop\SimpleJarToExe\.
Requires JDK:	No
Requires 64-Bit: No
Java min ver:	
Java max ver:	
JRE paths:	C:\Program Files\Java\jre-1.8\bin
Check launcher:	C:\Program Files\Java\jre-1.8\bin\javaw.exe (OK)
Version string: 1.008.000_371 / 64-Bit (OK)
Main class:	simplejartoexe.simplejartoexetest.Main
Info:		Classpath not defined.
Launcher:	C:\Program Files\Java\jre-1.8\bin\javaw.exe
Launcher args:	-classpath "C:\Users\alumno\Desktop\SimpleJarToExe\SimpleJarToExeTest.exe" simplejartoexe.simplejartoexetest.Main
Args length:	113/32768 chars
Exit code:	0


Version:	3.50
CmdLine:	C:\Users\alumno\Desktop\SimpleJarToExe\SimpleJarToExeTest.exe --l4j-debug
JNI:		No
WOW64:		Yes
Working dir:	C:\Users\alumno\Desktop\SimpleJarToExe\.
Requires JDK:	No
Requires 64-Bit: No
Java min ver:	
Java max ver:	
JRE paths:	C:\Program Files\Java\jdk-23\bin
Check launcher:	C:\Program Files\Java\jdk-23\bin\javaw.exe (OK)
Version string: 1.023.000 / 64-Bit (OK)
Main class:	simplejartoexe.simplejartoexetest.Main
Info:		Classpath not defined.
Launcher:	C:\Program Files\Java\jdk-23\bin\javaw.exe
Launcher args:	-classpath "C:\Users\alumno\Desktop\SimpleJarToExe\SimpleJarToExeTest.exe" simplejartoexe.simplejartoexetest.Main
Args length:	113/32768 chars
Exit code:	0
